0 info it worked if it ends with ok
1 verbose cli [ 'c:\\Program Files\\nodejs\\node.exe',
1 verbose cli   'c:\\Program Files\\nodejs\\node_modules\\npm\\bin\\npm-cli.js',
1 verbose cli   'install',
1 verbose cli   'grunt-jshint',
1 verbose cli   '--save-dev' ]
2 info using npm@1.4.28
3 info using node@v0.10.33
4 verbose readDependencies using package.json deps
5 verbose cache add [ 'grunt-jshint', null ]
6 verbose cache add name=undefined spec="grunt-jshint" args=["grunt-jshint",null]
7 verbose parsed url { protocol: null,
7 verbose parsed url   slashes: null,
7 verbose parsed url   auth: null,
7 verbose parsed url   host: null,
7 verbose parsed url   port: null,
7 verbose parsed url   hostname: null,
7 verbose parsed url   hash: null,
7 verbose parsed url   search: null,
7 verbose parsed url   query: null,
7 verbose parsed url   pathname: 'grunt-jshint',
7 verbose parsed url   path: 'grunt-jshint',
7 verbose parsed url   href: 'grunt-jshint' }
8 silly lockFile 8e85dfb3-grunt-jshint grunt-jshint
9 verbose lock grunt-jshint C:\Users\Administrator\AppData\Roaming\npm-cache\8e85dfb3-grunt-jshint.lock
10 silly lockFile 8e85dfb3-grunt-jshint grunt-jshint
11 silly lockFile 8e85dfb3-grunt-jshint grunt-jshint
12 verbose addNamed [ 'grunt-jshint', '' ]
13 verbose addNamed [ null, '*' ]
14 silly lockFile 324f7fab-grunt-jshint grunt-jshint@
15 verbose lock grunt-jshint@ C:\Users\Administrator\AppData\Roaming\npm-cache\324f7fab-grunt-jshint.lock
16 silly addNameRange { name: 'grunt-jshint', range: '*', hasData: false }
17 verbose request where is /grunt-jshint
18 verbose request registry https://registry.npmjs.org/
19 verbose request id 7fbbf00601655d25
20 verbose url raw /grunt-jshint
21 verbose url resolving [ 'https://registry.npmjs.org/', './grunt-jshint' ]
22 verbose url resolved https://registry.npmjs.org/grunt-jshint
23 verbose request where is https://registry.npmjs.org/grunt-jshint
24 info trying registry request attempt 1 at 18:07:17
25 http GET https://registry.npmjs.org/grunt-jshint
26 http 404 https://registry.npmjs.org/grunt-jshint
27 verbose headers { date: 'Thu, 16 Apr 2015 10:07:16 GMT',
27 verbose headers   server: 'CouchDB/1.5.0 (Erlang OTP/R16B03)',
27 verbose headers   'content-type': 'application/json',
27 verbose headers   'cache-control': 'max-age=0',
27 verbose headers   'content-length': '51',
27 verbose headers   'accept-ranges': 'bytes',
27 verbose headers   via: '1.1 varnish',
27 verbose headers   age: '0',
27 verbose headers   'x-served-by': 'cache-nrt6126-NRT',
27 verbose headers   'x-cache': 'MISS',
27 verbose headers   'x-cache-hits': '0',
27 verbose headers   'x-timer': 'S1429178835.645159,VS0,VE457',
27 verbose headers   'keep-alive': 'timeout=10, max=50',
27 verbose headers   connection: 'Keep-Alive' }
28 silly registry.get cb [ 404,
28 silly registry.get   { date: 'Thu, 16 Apr 2015 10:07:16 GMT',
28 silly registry.get     server: 'CouchDB/1.5.0 (Erlang OTP/R16B03)',
28 silly registry.get     'content-type': 'application/json',
28 silly registry.get     'cache-control': 'max-age=0',
28 silly registry.get     'content-length': '51',
28 silly registry.get     'accept-ranges': 'bytes',
28 silly registry.get     via: '1.1 varnish',
28 silly registry.get     age: '0',
28 silly registry.get     'x-served-by': 'cache-nrt6126-NRT',
28 silly registry.get     'x-cache': 'MISS',
28 silly registry.get     'x-cache-hits': '0',
28 silly registry.get     'x-timer': 'S1429178835.645159,VS0,VE457',
28 silly registry.get     'keep-alive': 'timeout=10, max=50',
28 silly registry.get     connection: 'Keep-Alive' } ]
29 silly lockFile 324f7fab-grunt-jshint grunt-jshint@
30 silly lockFile 324f7fab-grunt-jshint grunt-jshint@
31 error 404 404 Not Found: grunt-jshint
31 error 404
31 error 404 'grunt-jshint' is not in the npm registry.
31 error 404 You should bug the author to publish it
31 error 404 It was specified as a dependency of 'my_library'
31 error 404
31 error 404 Note that you can also install from a
31 error 404 tarball, folder, or http url, or git url.
32 error System Windows_NT 6.1.7601
33 error command "c:\\Program Files\\nodejs\\node.exe" "c:\\Program Files\\nodejs\\node_modules\\npm\\bin\\npm-cli.js" "install" "grunt-jshint" "--save-dev"
34 error cwd e:\project\git\library\library
35 error node -v v0.10.33
36 error npm -v 1.4.28
37 error code E404
38 verbose exit [ 1, true ]
